<?xml version="1.0" encoding="UTF-8"?>
<!-- Generated by org.testng.reporters.JUnitReportReporter -->
<testsuite hostname="DESKTOP-M0KCUVC" failures="0" tests="1" name="test.ExtendCommon2" time="0.006" errors="0" timestamp="2023-09-04T20:01:01 ICT" skipped="0">
  <testcase classname="test.ExtendCommon2" name="test" time="0.006"/>
</testsuite> <!-- test.ExtendCommon2 -->
