<?xml version="1.0" encoding="UTF-8"?>
<!-- Generated by org.testng.reporters.JUnitReportReporter -->
<testsuite hostname="ducpdb" failures="0" tests="2" name="test.day3" time="0.022" errors="0" timestamp="2023-08-31T15:32:25 ICT" skipped="0">
  <testcase classname="test.day3" name="WebloginCarloan" time="0.003"/>
  <testcase classname="test.day3" name="MobileloginCarloan" time="0.019"/>
</testsuite> <!-- test.day3 -->
