<?xml version="1.0" encoding="UTF-8"?>
<!-- Generated by org.testng.reporters.JUnitReportReporter -->
<testsuite hostname="ducpdb" failures="0" tests="4" name="test.day1" time="0.024" errors="0" timestamp="2023-08-31T15:46:39 ICT" skipped="1">
  <testcase classname="test.day1" name="Day11" time="0.006"/>
  <testcase classname="test.day1" name="Day11" time="0.007"/>
  <testcase classname="test.day1" name="Day11" time="0.011"/>
  <testcase classname="test.day1" name="Demo1">
    <skipped/>
  </testcase> <!-- Demo1 -->
</testsuite> <!-- test.day1 -->
