<?xml version="1.0" encoding="UTF-8"?>
<!-- Generated by org.testng.reporters.JUnitReportReporter -->
<testsuite hostname="ducpdb" failures="0" tests="2" name="test.day2" time="0.005" errors="0" timestamp="2023-08-31T15:32:25 ICT" skipped="0">
  <testcase classname="test.day2" name="Demo2" time="0.003"/>
  <testcase classname="test.day2" name="Demo3" time="0.002"/>
</testsuite> <!-- test.day2 -->
