<?xml version="1.0" encoding="UTF-8"?>
<!-- Generated by org.testng.reporters.JUnitReportReporter -->
<testsuite hostname="ducpdb" failures="0" tests="1" name="cucumber.TestNGTestRunner" time="7.543" errors="0" timestamp="2023-09-12T13:07:31 ICT" skipped="0">
  <testcase classname="cucumber.TestNGTestRunner" name="runScenario" time="7.543"/>
</testsuite> <!-- cucumber.TestNGTestRunner -->
