<?xml version="1.0" encoding="UTF-8"?>
<!-- Generated by org.testng.reporters.JUnitReportReporter -->
<testsuite hostname="DESKTOP-78PG6HQ" failures="0" tests="2" name="gjs.tests.ErrorValidations" time="13.210" errors="0" timestamp="2023-09-23T00:03:24 ICT" skipped="0">
  <testcase classname="gjs.tests.ErrorValidations" name="LoginErrorValidation" time="6.195"/>
  <testcase classname="gjs.tests.ErrorValidations" name="ProductErrorValidation" time="7.015"/>
</testsuite> <!-- gjs.tests.ErrorValidations -->
