<?xml version="1.0" encoding="UTF-8"?>
<!-- Generated by org.testng.reporters.JUnitReportReporter -->
<testsuite hostname="ducpdb" failures="0" tests="2" name="gjs.tests.ErrorValidations" time="16.681" errors="0" timestamp="2023-09-11T10:31:56 ICT" skipped="0">
  <testcase classname="gjs.tests.ErrorValidations" name="LoginErrorValidation" time="6.176"/>
  <testcase classname="gjs.tests.ErrorValidations" name="ProductErrorValidation" time="10.505"/>
</testsuite> <!-- gjs.tests.ErrorValidations -->
